{
  "RSpec": {
    "coverage": {
      "/Users/samthoburn/Desktop/Repos/howdy-partners-bnb/spec/unit/database/database_connection_spec.rb": {
        "lines": [
          1,
          null,
          1,
          3,
          null,
          1,
          1,
          1,
          1,
          null,
          null,
          null,
          1,
          1,
          1,
          1,
          1,
          1,
          null,
          null,
          null,
          null
        ]
      },
      "/Users/samthoburn/Desktop/Repos/howdy-partners-bnb/lib/database/database_connection.rb": {
        "lines": [
          1,
          null,
          1,
          null,
          1,
          2,
          null,
          null,
          1,
          1,
          null,
          null,
          null
        ]
      }
    },
    "timestamp": 1634643834
  }
}
